============================= test session starts ==============================
platform darwin -- Python 3.9.6, pytest-8.4.2, pluggy-1.6.0 -- /Applications/Xcode.app/Contents/Developer/usr/bin/python3
cachedir: .pytest_cache
rootdir: /Users/abhinavmishra/Projects/New Folder/virtual-cell-model
configfile: pyproject.toml
collecting ... collected 83 items

tests/test_bkpyv.py::test_bkpyv_plugin_creation PASSED                   [  1%]
tests/test_bkpyv.py::test_bkpyv_plugin_registration PASSED               [  2%]
tests/test_bkpyv.py::test_bkpyv_initial_state PASSED                     [  3%]
tests/test_bkpyv.py::test_bkpyv_pathway_activities PASSED                [  4%]
tests/test_bkpyv.py::test_bkpyv_supported_perturbations PASSED           [  6%]
tests/test_bkpyv.py::test_bkpyv_perturbation_targets PASSED              [  7%]
tests/test_bkpyv.py::test_bkpyv_simulator_creation PASSED                [  8%]
tests/test_bkpyv.py::test_bkpyv_simulator_custom_config PASSED           [  9%]
tests/test_bkpyv.py::test_bkpyv_simulator_step PASSED                    [ 10%]
tests/test_bkpyv.py::test_bkpyv_infection_perturbation PASSED            [ 12%]
tests/test_bkpyv.py::test_bkpyv_t_antigen_expression PASSED              [ 13%]
tests/test_bkpyv.py::test_bkpyv_cell_cycle_phase PASSED                  [ 14%]
tests/test_bkpyv.py::test_bkpyv_host_dna_synthesis PASSED                [ 15%]
tests/test_bkpyv.py::test_bkpyv_viral_replication_dependency PASSED      [ 16%]
tests/test_bkpyv.py::test_bkpyv_drug_effects PASSED                      [ 18%]
tests/test_bkpyv.py::test_bkpyv_pathway_activities_feedback PASSED       [ 19%]
tests/test_bkpyv.py::test_bkpyv_cell_schema PASSED                       [ 20%]
tests/test_bkpyv.py::test_bkpyv_default_config PASSED                    [ 21%]
tests/test_data.py::test_data_validator_gene PASSED                      [ 22%]
tests/test_data.py::test_data_validator_protein PASSED                   [ 24%]
tests/test_data.py::test_data_validator_metabolite PASSED                [ 25%]
tests/test_data.py::test_data_loader_creation PASSED                     [ 26%]
tests/test_data.py::test_data_loader_json_operations PASSED              [ 27%]
tests/test_data.py::test_data_loader_cell_state_save_load PASSED         [ 28%]
tests/test_data.py::test_data_loader_list_mock_datasets PASSED           [ 30%]
tests/test_models.py::test_gene_creation PASSED                          [ 31%]
tests/test_models.py::test_protein_creation PASSED                       [ 32%]
tests/test_models.py::test_metabolite_creation PASSED                    [ 33%]
tests/test_models.py::test_pathway_creation PASSED                       [ 34%]
tests/test_models.py::test_perturbation_creation PASSED                  [ 36%]
tests/test_models.py::test_environment_creation PASSED                   [ 37%]
tests/test_models.py::test_cell_state_creation PASSED                    [ 38%]
tests/test_models.py::test_cell_state_vector PASSED                      [ 39%]
tests/test_models.py::test_simulation_step_creation PASSED               [ 40%]
tests/test_models.py::test_simulation_result_creation PASSED             [ 42%]
tests/test_models.py::test_simulation_result_trajectory PASSED           [ 43%]
tests/test_models.py::test_experiment_config_creation PASSED             [ 44%]
tests/test_plugins.py::test_plugin_registry PASSED                       [ 45%]
tests/test_plugins.py::test_minimal_cell_plugin PASSED                   [ 46%]
tests/test_plugins.py::test_sars_cov2_plugin PASSED                      [ 48%]
tests/test_plugins.py::test_perturbation_validation PASSED               [ 49%]
tests/test_risk_prediction.py::TestRiskPrediction::test_dataset_shape_and_columns PASSED [ 50%]
tests/test_risk_prediction.py::TestRiskPrediction::test_prevalence_range PASSED [ 51%]
tests/test_risk_prediction.py::TestRiskPrediction::test_vcm_features_non_negative PASSED [ 53%]
tests/test_risk_prediction.py::TestRiskPrediction::test_baseline_auc_better_than_random PASSED [ 54%]
tests/test_risk_prediction.py::TestRiskPrediction::test_vcm_enhanced_model_trains PASSED [ 55%]
tests/test_risk_prediction.py::TestRiskPrediction::test_feature_importances_keys PASSED [ 56%]
tests/test_risk_prediction.py::TestRiskPrediction::test_peak_viral_load_coefficient_exists PASSED [ 57%]
tests/test_risk_prediction.py::TestRiskPrediction::test_compare_models_output PASSED [ 59%]
tests/test_risk_prediction.py::TestRiskPrediction::test_clinical_features_correct PASSED [ 60%]
tests/test_risk_prediction.py::TestRiskPrediction::test_vcm_features_correct PASSED [ 61%]
tests/test_simulators.py::test_base_simulator_interface PASSED           [ 62%]
tests/test_simulators.py::test_mechanistic_simulator_creation PASSED     [ 63%]
tests/test_simulators.py::test_mechanistic_simulator_step PASSED         [ 65%]
tests/test_simulators.py::test_mechanistic_simulator_simulate PASSED     [ 66%]
tests/test_simulators.py::test_ml_based_simulator_creation PASSED        [ 67%]
tests/test_simulators.py::test_ml_based_simulator_step PASSED            [ 68%]
tests/test_simulators.py::test_ml_based_simulator_simulate PASSED        [ 69%]
tests/test_simulators.py::test_hybrid_simulator_creation PASSED          [ 71%]
tests/test_simulators.py::test_hybrid_simulator_step PASSED              [ 72%]
tests/test_simulators.py::test_hybrid_simulator_simulate PASSED          [ 73%]
tests/test_simulators.py::test_simulator_info PASSED                     [ 74%]
tests/test_viral_load_mapper.py::TestHillFunction::test_hill_function_properties PASSED [ 75%]
tests/test_viral_load_mapper.py::TestViralLoadMapper::test_anchor_point_reasonable_range PASSED [ 77%]
tests/test_viral_load_mapper.py::TestViralLoadMapper::test_anchor_point_0_0 PASSED [ 78%]
tests/test_viral_load_mapper.py::TestViralLoadMapper::test_anchor_point_1_0 PASSED [ 79%]
tests/test_viral_load_mapper.py::TestViralLoadMapper::test_monotonicity PASSED [ 80%]
tests/test_viral_load_mapper.py::TestViralLoadMapper::test_risk_category_undetectable PASSED [ 81%]
tests/test_viral_load_mapper.py::TestViralLoadMapper::test_risk_category_low_risk PASSED [ 83%]
tests/test_viral_load_mapper.py::TestViralLoadMapper::test_risk_category_screening PASSED [ 84%]
tests/test_viral_load_mapper.py::TestViralLoadMapper::test_risk_category_treatment PASSED [ 85%]
tests/test_viral_load_mapper.py::TestViralLoadMapper::test_risk_category_severe PASSED [ 86%]
tests/test_viral_load_mapper.py::TestViralLoadMapper::test_boundary_values PASSED [ 87%]
tests/test_viral_load_mapper.py::TestViralLoadMapper::test_simulate_clinical_trajectory_columns PASSED [ 89%]
tests/test_viral_load_mapper.py::TestViralLoadMapper::test_simulate_clinical_trajectory_length PASSED [ 90%]
tests/test_viral_load_mapper.py::TestViralLoadMapper::test_simulate_clinical_trajectory_baseline PASSED [ 91%]
tests/test_viral_load_mapper.py::TestViralLoadMapper::test_simulate_clinical_trajectory_scenario_validation PASSED [ 92%]
tests/test_viral_load_mapper.py::TestViralLoadMapper::test_simulate_clinical_trajectory_all_scenarios PASSED [ 93%]
tests/test_viral_load_mapper.py::TestViralLoadMapper::test_simulate_clinical_trajectory_monotonic_viral_load PASSED [ 95%]
tests/test_viral_load_mapper.py::TestViralLoadMapper::test_simulate_clinical_trajectory_viral_load_range PASSED [ 96%]
tests/test_viral_load_mapper.py::TestClinicalSummary::test_summary_contains_all_scenarios PASSED [ 97%]
tests/test_viral_load_mapper.py::TestClinicalSummary::test_summary_has_all_fields PASSED [ 98%]
tests/test_viral_load_mapper.py::TestClinicalSummary::test_summary_positive_values PASSED [100%]

============================== 83 passed in 1.10s ==============================
